<?xml version="1.0" encoding="UTF-8"?>
<testng-results ignored="0" total="2" passed="2" failed="0" skipped="0">
  <reporter-output>
  </reporter-output>
  <suite started-at="2021-06-08T20:04:06Z" name="Default suite" finished-at="2021-06-08T20:04:31Z" duration-ms="24526">
    <groups>
    </groups>
    <test started-at="2021-06-08T20:04:06Z" name="Default test" finished-at="2021-06-08T20:04:31Z" duration-ms="24526">
      <class name="tests.TestsHomepage">
        <test-method is-config="true" signature="createDriver()[pri:0, instance:tests.TestsHomepage@63475ace]" started-at="2021-06-08T20:04:06Z" name="createDriver" finished-at="2021-06-08T20:04:08Z" duration-ms="1819" status="PASS">
          <reporter-output>
          </reporter-output>
        </test-method> <!-- createDriver -->
        <test-method signature="testAboutUs()[pri:0, instance:tests.TestsHomepage@63475ace]" started-at="2021-06-08T20:04:08Z" name="testAboutUs" finished-at="2021-06-08T20:04:17Z" duration-ms="9145" status="PASS">
          <reporter-output>
          </reporter-output>
        </test-method> <!-- testAboutUs -->
        <test-method signature="testLogin()[pri:0, instance:tests.TestsHomepage@63475ace]" started-at="2021-06-08T20:04:17Z" name="testLogin" finished-at="2021-06-08T20:04:31Z" duration-ms="13541" status="PASS">
          <reporter-output>
          </reporter-output>
        </test-method> <!-- testLogin -->
      </class> <!-- tests.TestsHomepage -->
    </test> <!-- Default test -->
  </suite> <!-- Default suite -->
</testng-results>
